{"/home/cynchen/2016 Spring Semester/OlinJS/CynthiaOlinJS/burgerapp_test/app.js":{"path":"/home/cynchen/2016 Spring Semester/OlinJS/CynthiaOlinJS/burgerapp_test/app.js","s":{"1":1,"2":1,"3":1,"4":1,"5":1,"6":1,"7":1,"8":1,"9":1,"10":1,"11":1,"12":1,"13":1,"14":1,"15":1,"16":1,"17":1,"18":1,"19":1,"20":1,"21":1,"22":1,"23":1,"24":1,"25":1,"26":1,"27":1,"28":1,"29":1,"30":1,"31":1,"32":1},"b":{},"f":{},"fnMap":{},"statementMap":{"1":{"start":{"line":1,"column":0},"end":{"line":1,"column":33}},"2":{"start":{"line":2,"column":0},"end":{"line":2,"column":27}},"3":{"start":{"line":3,"column":0},"end":{"line":3,"column":31}},"4":{"start":{"line":4,"column":0},"end":{"line":4,"column":44}},"5":{"start":{"line":5,"column":0},"end":{"line":5,"column":40}},"6":{"start":{"line":6,"column":0},"end":{"line":6,"column":44}},"7":{"start":{"line":8,"column":0},"end":{"line":8,"column":38}},"8":{"start":{"line":10,"column":0},"end":{"line":10,"column":51}},"9":{"start":{"line":12,"column":0},"end":{"line":12,"column":41}},"10":{"start":{"line":14,"column":0},"end":{"line":14,"column":45}},"11":{"start":{"line":16,"column":0},"end":{"line":16,"column":20}},"12":{"start":{"line":18,"column":0},"end":{"line":18,"column":58}},"13":{"start":{"line":19,"column":0},"end":{"line":19,"column":37}},"14":{"start":{"line":21,"column":0},"end":{"line":21,"column":23}},"15":{"start":{"line":22,"column":0},"end":{"line":22,"column":27}},"16":{"start":{"line":23,"column":0},"end":{"line":23,"column":50}},"17":{"start":{"line":24,"column":0},"end":{"line":24,"column":24}},"18":{"start":{"line":25,"column":0},"end":{"line":25,"column":56}},"19":{"start":{"line":27,"column":0},"end":{"line":27,"column":25}},"20":{"start":{"line":30,"column":0},"end":{"line":30,"column":47}},"21":{"start":{"line":31,"column":0},"end":{"line":31,"column":59}},"22":{"start":{"line":32,"column":0},"end":{"line":32,"column":54}},"23":{"start":{"line":33,"column":0},"end":{"line":33,"column":64}},"24":{"start":{"line":34,"column":0},"end":{"line":34,"column":61}},"25":{"start":{"line":37,"column":0},"end":{"line":37,"column":37}},"26":{"start":{"line":38,"column":0},"end":{"line":38,"column":39}},"27":{"start":{"line":39,"column":0},"end":{"line":39,"column":46}},"28":{"start":{"line":40,"column":0},"end":{"line":40,"column":68}},"29":{"start":{"line":43,"column":0},"end":{"line":43,"column":39}},"30":{"start":{"line":44,"column":0},"end":{"line":44,"column":59}},"31":{"start":{"line":46,"column":0},"end":{"line":46,"column":17}},"32":{"start":{"line":47,"column":0},"end":{"line":47,"column":21}}},"branchMap":{}},"/home/cynchen/2016 Spring Semester/OlinJS/CynthiaOlinJS/burgerapp_test/routes/index.js":{"path":"/home/cynchen/2016 Spring Semester/OlinJS/CynthiaOlinJS/burgerapp_test/routes/index.js","s":{"1":1,"2":1,"3":1,"4":1,"5":1,"6":1,"7":1,"8":1,"9":2,"10":1,"11":2,"12":2,"13":0,"14":0,"15":2,"16":0,"17":0,"18":2,"19":2,"20":1,"21":2,"22":2,"23":0,"24":0,"25":2,"26":0,"27":0,"28":2,"29":2,"30":0,"31":0,"32":2,"33":0,"34":0,"35":2,"36":2,"37":30,"38":30,"39":30,"40":2,"41":0,"42":2,"43":2,"44":1,"45":2,"46":2,"47":0,"48":0,"49":2,"50":0,"51":0,"52":2,"53":2,"54":30,"55":30,"56":30,"57":2,"58":0,"59":2,"60":2,"61":1,"62":1,"63":1,"64":1},"b":{"1":[0,2],"2":[0,2],"3":[0,2],"4":[0,2],"5":[0,2],"6":[0,2],"7":[0,2],"8":[0,2],"9":[0,2],"10":[0,2]},"f":{"1":2,"2":2,"3":2,"4":2,"5":2,"6":2,"7":30,"8":30,"9":2,"10":2,"11":2,"12":30,"13":30,"14":2},"fnMap":{"1":{"name":"(anonymous_1)","line":13,"loc":{"start":{"line":13,"column":11},"end":{"line":13,"column":28}}},"2":{"name":"(anonymous_2)","line":18,"loc":{"start":{"line":18,"column":22},"end":{"line":18,"column":40}}},"3":{"name":"(anonymous_3)","line":19,"loc":{"start":{"line":19,"column":22},"end":{"line":19,"column":48}}},"4":{"name":"(anonymous_4)","line":37,"loc":{"start":{"line":37,"column":17},"end":{"line":37,"column":35}}},"5":{"name":"(anonymous_5)","line":39,"loc":{"start":{"line":39,"column":22},"end":{"line":39,"column":48}}},"6":{"name":"(anonymous_6)","line":50,"loc":{"start":{"line":50,"column":23},"end":{"line":50,"column":46}}},"7":{"name":"(anonymous_7)","line":63,"loc":{"start":{"line":63,"column":25},"end":{"line":63,"column":52}}},"8":{"name":"(anonymous_8)","line":66,"loc":{"start":{"line":66,"column":9},"end":{"line":66,"column":28}}},"9":{"name":"(anonymous_9)","line":70,"loc":{"start":{"line":70,"column":8},"end":{"line":70,"column":21}}},"10":{"name":"(anonymous_10)","line":89,"loc":{"start":{"line":89,"column":18},"end":{"line":89,"column":36}}},"11":{"name":"(anonymous_11)","line":90,"loc":{"start":{"line":90,"column":18},"end":{"line":90,"column":41}}},"12":{"name":"(anonymous_12)","line":103,"loc":{"start":{"line":103,"column":23},"end":{"line":103,"column":50}}},"13":{"name":"(anonymous_13)","line":106,"loc":{"start":{"line":106,"column":7},"end":{"line":106,"column":26}}},"14":{"name":"(anonymous_14)","line":110,"loc":{"start":{"line":110,"column":6},"end":{"line":110,"column":19}}}},"statementMap":{"1":{"start":{"line":1,"column":0},"end":{"line":1,"column":33}},"2":{"start":{"line":2,"column":0},"end":{"line":2,"column":30}},"3":{"start":{"line":4,"column":0},"end":{"line":4,"column":66}},"4":{"start":{"line":5,"column":0},"end":{"line":5,"column":58}},"5":{"start":{"line":7,"column":0},"end":{"line":7,"column":35}},"6":{"start":{"line":8,"column":0},"end":{"line":8,"column":29}},"7":{"start":{"line":10,"column":0},"end":{"line":10,"column":29}},"8":{"start":{"line":13,"column":0},"end":{"line":15,"column":2}},"9":{"start":{"line":14,"column":1},"end":{"line":14,"column":24}},"10":{"start":{"line":18,"column":0},"end":{"line":34,"column":2}},"11":{"start":{"line":19,"column":1},"end":{"line":33,"column":6}},"12":{"start":{"line":20,"column":5},"end":{"line":23,"column":6}},"13":{"start":{"line":21,"column":7},"end":{"line":21,"column":27}},"14":{"start":{"line":22,"column":7},"end":{"line":22,"column":14}},"15":{"start":{"line":25,"column":5},"end":{"line":32,"column":6}},"16":{"start":{"line":26,"column":7},"end":{"line":26,"column":50}},"17":{"start":{"line":27,"column":7},"end":{"line":27,"column":14}},"18":{"start":{"line":30,"column":7},"end":{"line":30,"column":62}},"19":{"start":{"line":31,"column":7},"end":{"line":31,"column":14}},"20":{"start":{"line":37,"column":0},"end":{"line":86,"column":2}},"21":{"start":{"line":39,"column":1},"end":{"line":85,"column":6}},"22":{"start":{"line":40,"column":5},"end":{"line":43,"column":6}},"23":{"start":{"line":41,"column":7},"end":{"line":41,"column":27}},"24":{"start":{"line":42,"column":7},"end":{"line":42,"column":14}},"25":{"start":{"line":45,"column":5},"end":{"line":84,"column":6}},"26":{"start":{"line":46,"column":7},"end":{"line":46,"column":50}},"27":{"start":{"line":47,"column":7},"end":{"line":47,"column":14}},"28":{"start":{"line":50,"column":6},"end":{"line":83,"column":8}},"29":{"start":{"line":51,"column":7},"end":{"line":54,"column":8}},"30":{"start":{"line":52,"column":9},"end":{"line":52,"column":29}},"31":{"start":{"line":53,"column":9},"end":{"line":53,"column":16}},"32":{"start":{"line":56,"column":7},"end":{"line":82,"column":8}},"33":{"start":{"line":57,"column":9},"end":{"line":57,"column":49}},"34":{"start":{"line":58,"column":9},"end":{"line":58,"column":16}},"35":{"start":{"line":62,"column":8},"end":{"line":62,"column":29}},"36":{"start":{"line":63,"column":5},"end":{"line":81,"column":8}},"37":{"start":{"line":64,"column":9},"end":{"line":69,"column":9}},"38":{"start":{"line":67,"column":11},"end":{"line":67,"column":157}},"39":{"start":{"line":68,"column":11},"end":{"line":68,"column":22}},"40":{"start":{"line":72,"column":9},"end":{"line":80,"column":10}},"41":{"start":{"line":75,"column":12},"end":{"line":75,"column":52}},"42":{"start":{"line":78,"column":11},"end":{"line":78,"column":82}},"43":{"start":{"line":79,"column":10},"end":{"line":79,"column":17}},"44":{"start":{"line":89,"column":0},"end":{"line":123,"column":2}},"45":{"start":{"line":90,"column":1},"end":{"line":122,"column":6}},"46":{"start":{"line":91,"column":5},"end":{"line":94,"column":6}},"47":{"start":{"line":92,"column":7},"end":{"line":92,"column":27}},"48":{"start":{"line":93,"column":7},"end":{"line":93,"column":14}},"49":{"start":{"line":96,"column":5},"end":{"line":121,"column":6}},"50":{"start":{"line":97,"column":7},"end":{"line":97,"column":47}},"51":{"start":{"line":98,"column":7},"end":{"line":98,"column":14}},"52":{"start":{"line":102,"column":6},"end":{"line":102,"column":27}},"53":{"start":{"line":103,"column":3},"end":{"line":120,"column":6}},"54":{"start":{"line":104,"column":7},"end":{"line":109,"column":7}},"55":{"start":{"line":107,"column":9},"end":{"line":107,"column":155}},"56":{"start":{"line":108,"column":9},"end":{"line":108,"column":20}},"57":{"start":{"line":112,"column":7},"end":{"line":119,"column":8}},"58":{"start":{"line":115,"column":10},"end":{"line":115,"column":50}},"59":{"start":{"line":117,"column":9},"end":{"line":117,"column":55}},"60":{"start":{"line":118,"column":8},"end":{"line":118,"column":15}},"61":{"start":{"line":126,"column":0},"end":{"line":126,"column":27}},"62":{"start":{"line":127,"column":0},"end":{"line":127,"column":41}},"63":{"start":{"line":128,"column":0},"end":{"line":128,"column":49}},"64":{"start":{"line":129,"column":0},"end":{"line":129,"column":39}}},"branchMap":{"1":{"line":20,"type":"if","locations":[{"start":{"line":20,"column":5},"end":{"line":20,"column":5}},{"start":{"line":20,"column":5},"end":{"line":20,"column":5}}]},"2":{"line":25,"type":"if","locations":[{"start":{"line":25,"column":5},"end":{"line":25,"column":5}},{"start":{"line":25,"column":5},"end":{"line":25,"column":5}}]},"3":{"line":40,"type":"if","locations":[{"start":{"line":40,"column":5},"end":{"line":40,"column":5}},{"start":{"line":40,"column":5},"end":{"line":40,"column":5}}]},"4":{"line":45,"type":"if","locations":[{"start":{"line":45,"column":5},"end":{"line":45,"column":5}},{"start":{"line":45,"column":5},"end":{"line":45,"column":5}}]},"5":{"line":51,"type":"if","locations":[{"start":{"line":51,"column":7},"end":{"line":51,"column":7}},{"start":{"line":51,"column":7},"end":{"line":51,"column":7}}]},"6":{"line":56,"type":"if","locations":[{"start":{"line":56,"column":7},"end":{"line":56,"column":7}},{"start":{"line":56,"column":7},"end":{"line":56,"column":7}}]},"7":{"line":72,"type":"if","locations":[{"start":{"line":72,"column":9},"end":{"line":72,"column":9}},{"start":{"line":72,"column":9},"end":{"line":72,"column":9}}]},"8":{"line":91,"type":"if","locations":[{"start":{"line":91,"column":5},"end":{"line":91,"column":5}},{"start":{"line":91,"column":5},"end":{"line":91,"column":5}}]},"9":{"line":96,"type":"if","locations":[{"start":{"line":96,"column":5},"end":{"line":96,"column":5}},{"start":{"line":96,"column":5},"end":{"line":96,"column":5}}]},"10":{"line":112,"type":"if","locations":[{"start":{"line":112,"column":7},"end":{"line":112,"column":7}},{"start":{"line":112,"column":7},"end":{"line":112,"column":7}}]}}},"/home/cynchen/2016 Spring Semester/OlinJS/CynthiaOlinJS/burgerapp_test/models/appModel.js":{"path":"/home/cynchen/2016 Spring Semester/OlinJS/CynthiaOlinJS/burgerapp_test/models/appModel.js","s":{"1":1,"2":1,"3":1,"4":1,"5":1},"b":{},"f":{},"fnMap":{},"statementMap":{"1":{"start":{"line":1,"column":0},"end":{"line":1,"column":35}},"2":{"start":{"line":3,"column":0},"end":{"line":3,"column":48}},"3":{"start":{"line":5,"column":0},"end":{"line":10,"column":3}},"4":{"start":{"line":12,"column":0},"end":{"line":17,"column":3}},"5":{"start":{"line":19,"column":0},"end":{"line":22,"column":2}}},"branchMap":{}},"/home/cynchen/2016 Spring Semester/OlinJS/CynthiaOlinJS/burgerapp_test/routes/ingredient.js":{"path":"/home/cynchen/2016 Spring Semester/OlinJS/CynthiaOlinJS/burgerapp_test/routes/ingredient.js","s":{"1":1,"2":1,"3":1,"4":1,"5":1,"6":1,"7":1,"8":1,"9":1,"10":1,"11":1,"12":1,"13":0,"14":0,"15":0,"16":0,"17":0,"18":1,"19":1,"20":1,"21":1,"22":1,"23":1,"24":1,"25":1,"26":1,"27":0,"28":0,"29":1,"30":1,"31":1,"32":1,"33":1,"34":1,"35":0,"36":0,"37":1,"38":1,"39":1,"40":1,"41":1,"42":1,"43":1,"44":1,"45":0,"46":0,"47":0,"48":0,"49":0,"50":0,"51":0,"52":0,"53":0,"54":0,"55":0,"56":0,"57":0,"58":1},"b":{"1":[1,0],"2":[0,0],"3":[0,1],"4":[0,1],"5":[1,0],"6":[0,0],"7":[0,0],"8":[0,0],"9":[0,0]},"f":{"1":1,"2":1,"3":1,"4":1,"5":1,"6":1,"7":1,"8":1,"9":0},"fnMap":{"1":{"name":"(anonymous_1)","line":12,"loc":{"start":{"line":12,"column":26},"end":{"line":12,"column":45}}},"2":{"name":"(anonymous_2)","line":15,"loc":{"start":{"line":15,"column":41},"end":{"line":15,"column":67}}},"3":{"name":"(anonymous_3)","line":33,"loc":{"start":{"line":33,"column":27},"end":{"line":33,"column":46}}},"4":{"name":"(anonymous_4)","line":42,"loc":{"start":{"line":42,"column":18},"end":{"line":42,"column":32}}},"5":{"name":"(anonymous_5)","line":53,"loc":{"start":{"line":53,"column":29},"end":{"line":53,"column":47}}},"6":{"name":"(anonymous_6)","line":55,"loc":{"start":{"line":55,"column":40},"end":{"line":55,"column":63}}},"7":{"name":"(anonymous_7)","line":65,"loc":{"start":{"line":65,"column":27},"end":{"line":65,"column":45}}},"8":{"name":"(anonymous_8)","line":69,"loc":{"start":{"line":69,"column":41},"end":{"line":69,"column":67}}},"9":{"name":"(anonymous_9)","line":88,"loc":{"start":{"line":88,"column":22},"end":{"line":88,"column":36}}}},"statementMap":{"1":{"start":{"line":1,"column":0},"end":{"line":1,"column":27}},"2":{"start":{"line":3,"column":0},"end":{"line":3,"column":66}},"3":{"start":{"line":4,"column":0},"end":{"line":4,"column":58}},"4":{"start":{"line":6,"column":0},"end":{"line":6,"column":35}},"5":{"start":{"line":7,"column":0},"end":{"line":7,"column":29}},"6":{"start":{"line":9,"column":0},"end":{"line":9,"column":16}},"7":{"start":{"line":12,"column":0},"end":{"line":30,"column":2}},"8":{"start":{"line":13,"column":2},"end":{"line":13,"column":31}},"9":{"start":{"line":15,"column":2},"end":{"line":29,"column":5}},"10":{"start":{"line":16,"column":4},"end":{"line":19,"column":5}},"11":{"start":{"line":17,"column":6},"end":{"line":17,"column":26}},"12":{"start":{"line":18,"column":6},"end":{"line":18,"column":13}},"13":{"start":{"line":21,"column":4},"end":{"line":28,"column":5}},"14":{"start":{"line":22,"column":6},"end":{"line":22,"column":49}},"15":{"start":{"line":23,"column":6},"end":{"line":23,"column":13}},"16":{"start":{"line":26,"column":6},"end":{"line":26,"column":27}},"17":{"start":{"line":27,"column":6},"end":{"line":27,"column":13}},"18":{"start":{"line":33,"column":0},"end":{"line":50,"column":2}},"19":{"start":{"line":34,"column":2},"end":{"line":34,"column":19}},"20":{"start":{"line":36,"column":2},"end":{"line":36,"column":36}},"21":{"start":{"line":37,"column":2},"end":{"line":37,"column":27}},"22":{"start":{"line":38,"column":2},"end":{"line":38,"column":39}},"23":{"start":{"line":39,"column":2},"end":{"line":39,"column":26}},"24":{"start":{"line":40,"column":2},"end":{"line":40,"column":32}},"25":{"start":{"line":42,"column":2},"end":{"line":49,"column":5}},"26":{"start":{"line":43,"column":4},"end":{"line":46,"column":5}},"27":{"start":{"line":44,"column":6},"end":{"line":44,"column":26}},"28":{"start":{"line":45,"column":6},"end":{"line":45,"column":13}},"29":{"start":{"line":47,"column":4},"end":{"line":47,"column":37}},"30":{"start":{"line":48,"column":4},"end":{"line":48,"column":11}},"31":{"start":{"line":53,"column":0},"end":{"line":62,"column":2}},"32":{"start":{"line":54,"column":2},"end":{"line":54,"column":29}},"33":{"start":{"line":55,"column":2},"end":{"line":61,"column":5}},"34":{"start":{"line":56,"column":4},"end":{"line":59,"column":5}},"35":{"start":{"line":57,"column":6},"end":{"line":57,"column":26}},"36":{"start":{"line":58,"column":6},"end":{"line":58,"column":13}},"37":{"start":{"line":60,"column":4},"end":{"line":60,"column":31}},"38":{"start":{"line":65,"column":0},"end":{"line":99,"column":2}},"39":{"start":{"line":66,"column":2},"end":{"line":66,"column":31}},"40":{"start":{"line":67,"column":2},"end":{"line":67,"column":19}},"41":{"start":{"line":69,"column":2},"end":{"line":98,"column":5}},"42":{"start":{"line":70,"column":4},"end":{"line":73,"column":5}},"43":{"start":{"line":71,"column":6},"end":{"line":71,"column":26}},"44":{"start":{"line":72,"column":6},"end":{"line":72,"column":13}},"45":{"start":{"line":75,"column":4},"end":{"line":97,"column":5}},"46":{"start":{"line":76,"column":6},"end":{"line":76,"column":49}},"47":{"start":{"line":77,"column":6},"end":{"line":77,"column":13}},"48":{"start":{"line":81,"column":6},"end":{"line":87,"column":7}},"49":{"start":{"line":82,"column":8},"end":{"line":86,"column":9}},"50":{"start":{"line":83,"column":10},"end":{"line":85,"column":11}},"51":{"start":{"line":84,"column":12},"end":{"line":84,"column":37}},"52":{"start":{"line":88,"column":6},"end":{"line":96,"column":9}},"53":{"start":{"line":89,"column":8},"end":{"line":92,"column":9}},"54":{"start":{"line":90,"column":10},"end":{"line":90,"column":30}},"55":{"start":{"line":91,"column":10},"end":{"line":91,"column":17}},"56":{"start":{"line":94,"column":8},"end":{"line":94,"column":29}},"57":{"start":{"line":95,"column":8},"end":{"line":95,"column":15}},"58":{"start":{"line":101,"column":0},"end":{"line":101,"column":24}}},"branchMap":{"1":{"line":16,"type":"if","locations":[{"start":{"line":16,"column":4},"end":{"line":16,"column":4}},{"start":{"line":16,"column":4},"end":{"line":16,"column":4}}]},"2":{"line":21,"type":"if","locations":[{"start":{"line":21,"column":4},"end":{"line":21,"column":4}},{"start":{"line":21,"column":4},"end":{"line":21,"column":4}}]},"3":{"line":43,"type":"if","locations":[{"start":{"line":43,"column":4},"end":{"line":43,"column":4}},{"start":{"line":43,"column":4},"end":{"line":43,"column":4}}]},"4":{"line":56,"type":"if","locations":[{"start":{"line":56,"column":4},"end":{"line":56,"column":4}},{"start":{"line":56,"column":4},"end":{"line":56,"column":4}}]},"5":{"line":70,"type":"if","locations":[{"start":{"line":70,"column":4},"end":{"line":70,"column":4}},{"start":{"line":70,"column":4},"end":{"line":70,"column":4}}]},"6":{"line":75,"type":"if","locations":[{"start":{"line":75,"column":4},"end":{"line":75,"column":4}},{"start":{"line":75,"column":4},"end":{"line":75,"column":4}}]},"7":{"line":82,"type":"if","locations":[{"start":{"line":82,"column":8},"end":{"line":82,"column":8}},{"start":{"line":82,"column":8},"end":{"line":82,"column":8}}]},"8":{"line":83,"type":"if","locations":[{"start":{"line":83,"column":10},"end":{"line":83,"column":10}},{"start":{"line":83,"column":10},"end":{"line":83,"column":10}}]},"9":{"line":89,"type":"if","locations":[{"start":{"line":89,"column":8},"end":{"line":89,"column":8}},{"start":{"line":89,"column":8},"end":{"line":89,"column":8}}]}}},"/home/cynchen/2016 Spring Semester/OlinJS/CynthiaOlinJS/burgerapp_test/routes/order.js":{"path":"/home/cynchen/2016 Spring Semester/OlinJS/CynthiaOlinJS/burgerapp_test/routes/order.js","s":{"1":1,"2":1,"3":1,"4":1,"5":1,"6":1,"7":1,"8":1,"9":1,"10":1,"11":1,"12":1,"13":1,"14":0,"15":0,"16":0,"17":0,"18":0,"19":1,"20":1,"21":1,"22":1,"23":1,"24":1,"25":0,"26":0,"27":0,"28":0,"29":0,"30":0,"31":0,"32":0,"33":0,"34":0,"35":0,"36":0,"37":0,"38":0,"39":0,"40":0,"41":0,"42":0,"43":1,"44":1,"45":1,"46":1,"47":1,"48":1,"49":1,"50":1,"51":1,"52":0,"53":0,"54":1,"55":1,"56":1},"b":{"1":[1,0],"2":[0,0],"3":[1,0],"4":[0,0],"5":[0,0],"6":[0,1]},"f":{"1":1,"2":1,"3":1,"4":1,"5":0,"6":0,"7":0,"8":0,"9":1,"10":1},"fnMap":{"1":{"name":"(anonymous_1)","line":14,"loc":{"start":{"line":14,"column":21},"end":{"line":14,"column":39}}},"2":{"name":"(anonymous_2)","line":17,"loc":{"start":{"line":17,"column":38},"end":{"line":17,"column":60}}},"3":{"name":"(anonymous_3)","line":35,"loc":{"start":{"line":35,"column":32},"end":{"line":35,"column":50}}},"4":{"name":"(anonymous_4)","line":38,"loc":{"start":{"line":38,"column":38},"end":{"line":38,"column":60}}},"5":{"name":"(anonymous_5)","line":52,"loc":{"start":{"line":52,"column":23},"end":{"line":52,"column":50}}},"6":{"name":"(anonymous_6)","line":55,"loc":{"start":{"line":55,"column":6},"end":{"line":55,"column":25}}},"7":{"name":"(anonymous_7)","line":56,"loc":{"start":{"line":56,"column":17},"end":{"line":56,"column":33}}},"8":{"name":"(anonymous_8)","line":64,"loc":{"start":{"line":64,"column":5},"end":{"line":64,"column":18}}},"9":{"name":"(anonymous_9)","line":80,"loc":{"start":{"line":80,"column":22},"end":{"line":80,"column":41}}},"10":{"name":"(anonymous_10)","line":89,"loc":{"start":{"line":89,"column":14},"end":{"line":89,"column":28}}}},"statementMap":{"1":{"start":{"line":1,"column":0},"end":{"line":1,"column":27}},"2":{"start":{"line":3,"column":0},"end":{"line":3,"column":66}},"3":{"start":{"line":4,"column":0},"end":{"line":4,"column":58}},"4":{"start":{"line":6,"column":0},"end":{"line":6,"column":35}},"5":{"start":{"line":7,"column":0},"end":{"line":7,"column":29}},"6":{"start":{"line":9,"column":0},"end":{"line":9,"column":29}},"7":{"start":{"line":11,"column":0},"end":{"line":11,"column":16}},"8":{"start":{"line":14,"column":0},"end":{"line":32,"column":2}},"9":{"start":{"line":15,"column":1},"end":{"line":15,"column":34}},"10":{"start":{"line":17,"column":1},"end":{"line":31,"column":5}},"11":{"start":{"line":18,"column":4},"end":{"line":21,"column":5}},"12":{"start":{"line":19,"column":6},"end":{"line":19,"column":26}},"13":{"start":{"line":20,"column":6},"end":{"line":20,"column":13}},"14":{"start":{"line":23,"column":4},"end":{"line":30,"column":5}},"15":{"start":{"line":24,"column":6},"end":{"line":24,"column":45}},"16":{"start":{"line":25,"column":6},"end":{"line":25,"column":13}},"17":{"start":{"line":28,"column":6},"end":{"line":28,"column":23}},"18":{"start":{"line":29,"column":6},"end":{"line":29,"column":13}},"19":{"start":{"line":35,"column":0},"end":{"line":77,"column":2}},"20":{"start":{"line":36,"column":1},"end":{"line":36,"column":34}},"21":{"start":{"line":38,"column":1},"end":{"line":76,"column":5}},"22":{"start":{"line":39,"column":4},"end":{"line":42,"column":5}},"23":{"start":{"line":40,"column":6},"end":{"line":40,"column":26}},"24":{"start":{"line":41,"column":6},"end":{"line":41,"column":13}},"25":{"start":{"line":44,"column":4},"end":{"line":75,"column":5}},"26":{"start":{"line":45,"column":6},"end":{"line":45,"column":45}},"27":{"start":{"line":46,"column":6},"end":{"line":46,"column":13}},"28":{"start":{"line":49,"column":2},"end":{"line":49,"column":23}},"29":{"start":{"line":50,"column":2},"end":{"line":50,"column":19}},"30":{"start":{"line":51,"column":2},"end":{"line":51,"column":20}},"31":{"start":{"line":52,"column":2},"end":{"line":74,"column":5}},"32":{"start":{"line":53,"column":6},"end":{"line":63,"column":6}},"33":{"start":{"line":56,"column":4},"end":{"line":59,"column":7}},"34":{"start":{"line":57,"column":5},"end":{"line":57,"column":41}},"35":{"start":{"line":58,"column":8},"end":{"line":58,"column":33}},"36":{"start":{"line":60,"column":4},"end":{"line":60,"column":35}},"37":{"start":{"line":61,"column":4},"end":{"line":61,"column":37}},"38":{"start":{"line":62,"column":7},"end":{"line":62,"column":18}},"39":{"start":{"line":66,"column":6},"end":{"line":73,"column":7}},"40":{"start":{"line":69,"column":9},"end":{"line":69,"column":49}},"41":{"start":{"line":71,"column":8},"end":{"line":71,"column":30}},"42":{"start":{"line":72,"column":9},"end":{"line":72,"column":16}},"43":{"start":{"line":80,"column":0},"end":{"line":97,"column":2}},"44":{"start":{"line":81,"column":2},"end":{"line":81,"column":19}},"45":{"start":{"line":83,"column":2},"end":{"line":83,"column":28}},"46":{"start":{"line":84,"column":2},"end":{"line":84,"column":23}},"47":{"start":{"line":85,"column":2},"end":{"line":85,"column":37}},"48":{"start":{"line":86,"column":2},"end":{"line":86,"column":35}},"49":{"start":{"line":87,"column":2},"end":{"line":87,"column":28}},"50":{"start":{"line":89,"column":2},"end":{"line":96,"column":5}},"51":{"start":{"line":90,"column":4},"end":{"line":93,"column":5}},"52":{"start":{"line":91,"column":6},"end":{"line":91,"column":26}},"53":{"start":{"line":92,"column":6},"end":{"line":92,"column":13}},"54":{"start":{"line":94,"column":4},"end":{"line":94,"column":33}},"55":{"start":{"line":95,"column":4},"end":{"line":95,"column":11}},"56":{"start":{"line":100,"column":0},"end":{"line":100,"column":24}}},"branchMap":{"1":{"line":18,"type":"if","locations":[{"start":{"line":18,"column":4},"end":{"line":18,"column":4}},{"start":{"line":18,"column":4},"end":{"line":18,"column":4}}]},"2":{"line":23,"type":"if","locations":[{"start":{"line":23,"column":4},"end":{"line":23,"column":4}},{"start":{"line":23,"column":4},"end":{"line":23,"column":4}}]},"3":{"line":39,"type":"if","locations":[{"start":{"line":39,"column":4},"end":{"line":39,"column":4}},{"start":{"line":39,"column":4},"end":{"line":39,"column":4}}]},"4":{"line":44,"type":"if","locations":[{"start":{"line":44,"column":4},"end":{"line":44,"column":4}},{"start":{"line":44,"column":4},"end":{"line":44,"column":4}}]},"5":{"line":66,"type":"if","locations":[{"start":{"line":66,"column":6},"end":{"line":66,"column":6}},{"start":{"line":66,"column":6},"end":{"line":66,"column":6}}]},"6":{"line":90,"type":"if","locations":[{"start":{"line":90,"column":4},"end":{"line":90,"column":4}},{"start":{"line":90,"column":4},"end":{"line":90,"column":4}}]}}},"/home/cynchen/2016 Spring Semester/OlinJS/CynthiaOlinJS/burgerapp_test/routes/kitchen.js":{"path":"/home/cynchen/2016 Spring Semester/OlinJS/CynthiaOlinJS/burgerapp_test/routes/kitchen.js","s":{"1":1,"2":1,"3":1,"4":1,"5":1,"6":1,"7":1,"8":1,"9":1,"10":1,"11":1,"12":1,"13":1,"14":1,"15":0,"16":0,"17":0,"18":0,"19":0,"20":0,"21":0,"22":0,"23":0,"24":0,"25":1},"b":{"1":[1,0],"2":[0,0],"3":[0,0]},"f":{"1":1,"2":1,"3":0},"fnMap":{"1":{"name":"(anonymous_1)","line":14,"loc":{"start":{"line":14,"column":23},"end":{"line":14,"column":41}}},"2":{"name":"(anonymous_2)","line":18,"loc":{"start":{"line":18,"column":39},"end":{"line":18,"column":61}}},"3":{"name":"(anonymous_3)","line":30,"loc":{"start":{"line":30,"column":18},"end":{"line":30,"column":32}}}},"statementMap":{"1":{"start":{"line":1,"column":0},"end":{"line":1,"column":27}},"2":{"start":{"line":3,"column":0},"end":{"line":3,"column":66}},"3":{"start":{"line":4,"column":0},"end":{"line":4,"column":58}},"4":{"start":{"line":6,"column":0},"end":{"line":6,"column":35}},"5":{"start":{"line":7,"column":0},"end":{"line":7,"column":29}},"6":{"start":{"line":9,"column":0},"end":{"line":9,"column":29}},"7":{"start":{"line":11,"column":0},"end":{"line":11,"column":16}},"8":{"start":{"line":14,"column":0},"end":{"line":41,"column":2}},"9":{"start":{"line":15,"column":2},"end":{"line":15,"column":35}},"10":{"start":{"line":16,"column":2},"end":{"line":16,"column":19}},"11":{"start":{"line":18,"column":2},"end":{"line":40,"column":5}},"12":{"start":{"line":19,"column":4},"end":{"line":22,"column":5}},"13":{"start":{"line":20,"column":6},"end":{"line":20,"column":26}},"14":{"start":{"line":21,"column":6},"end":{"line":21,"column":13}},"15":{"start":{"line":24,"column":4},"end":{"line":39,"column":5}},"16":{"start":{"line":25,"column":6},"end":{"line":25,"column":45}},"17":{"start":{"line":26,"column":6},"end":{"line":26,"column":13}},"18":{"start":{"line":29,"column":5},"end":{"line":29,"column":30}},"19":{"start":{"line":30,"column":6},"end":{"line":38,"column":9}},"20":{"start":{"line":31,"column":8},"end":{"line":34,"column":9}},"21":{"start":{"line":32,"column":10},"end":{"line":32,"column":30}},"22":{"start":{"line":33,"column":10},"end":{"line":33,"column":17}},"23":{"start":{"line":36,"column":8},"end":{"line":36,"column":25}},"24":{"start":{"line":37,"column":8},"end":{"line":37,"column":15}},"25":{"start":{"line":43,"column":0},"end":{"line":43,"column":24}}},"branchMap":{"1":{"line":19,"type":"if","locations":[{"start":{"line":19,"column":4},"end":{"line":19,"column":4}},{"start":{"line":19,"column":4},"end":{"line":19,"column":4}}]},"2":{"line":24,"type":"if","locations":[{"start":{"line":24,"column":4},"end":{"line":24,"column":4}},{"start":{"line":24,"column":4},"end":{"line":24,"column":4}}]},"3":{"line":31,"type":"if","locations":[{"start":{"line":31,"column":8},"end":{"line":31,"column":8}},{"start":{"line":31,"column":8},"end":{"line":31,"column":8}}]}}}}