TN:
SF:/home/cynchen/2016 Spring Semester/OlinJS/CynthiaOlinJS/burgerapp_test/app.js
FNF:0
FNH:0
DA:1,1
DA:2,1
DA:3,1
DA:4,1
DA:5,1
DA:6,1
DA:8,1
DA:10,1
DA:12,1
DA:14,1
DA:16,1
DA:18,1
DA:19,1
DA:21,1
DA:22,1
DA:23,1
DA:24,1
DA:25,1
DA:27,1
DA:30,1
DA:31,1
DA:32,1
DA:33,1
DA:34,1
DA:37,1
DA:38,1
DA:39,1
DA:40,1
DA:43,1
DA:44,1
DA:46,1
DA:47,1
LF:32
LH:32
BRF:0
BRH:0
end_of_record
TN:
SF:/home/cynchen/2016 Spring Semester/OlinJS/CynthiaOlinJS/burgerapp_test/routes/index.js
FN:13,(anonymous_1)
FN:18,(anonymous_2)
FN:19,(anonymous_3)
FN:37,(anonymous_4)
FN:39,(anonymous_5)
FN:50,(anonymous_6)
FN:63,(anonymous_7)
FN:66,(anonymous_8)
FN:70,(anonymous_9)
FN:89,(anonymous_10)
FN:90,(anonymous_11)
FN:103,(anonymous_12)
FN:106,(anonymous_13)
FN:110,(anonymous_14)
FNF:14
FNH:14
FNDA:2,(anonymous_1)
FNDA:2,(anonymous_2)
FNDA:2,(anonymous_3)
FNDA:2,(anonymous_4)
FNDA:2,(anonymous_5)
FNDA:2,(anonymous_6)
FNDA:30,(anonymous_7)
FNDA:30,(anonymous_8)
FNDA:2,(anonymous_9)
FNDA:2,(anonymous_10)
FNDA:2,(anonymous_11)
FNDA:30,(anonymous_12)
FNDA:30,(anonymous_13)
FNDA:2,(anonymous_14)
DA:1,1
DA:2,1
DA:4,1
DA:5,1
DA:7,1
DA:8,1
DA:10,1
DA:13,1
DA:14,2
DA:18,1
DA:19,2
DA:20,2
DA:21,0
DA:22,0
DA:25,2
DA:26,0
DA:27,0
DA:30,2
DA:31,2
DA:37,1
DA:39,2
DA:40,2
DA:41,0
DA:42,0
DA:45,2
DA:46,0
DA:47,0
DA:50,2
DA:51,2
DA:52,0
DA:53,0
DA:56,2
DA:57,0
DA:58,0
DA:62,2
DA:63,2
DA:64,30
DA:67,30
DA:68,30
DA:72,2
DA:75,0
DA:78,2
DA:79,2
DA:89,1
DA:90,2
DA:91,2
DA:92,0
DA:93,0
DA:96,2
DA:97,0
DA:98,0
DA:102,2
DA:103,2
DA:104,30
DA:107,30
DA:108,30
DA:112,2
DA:115,0
DA:117,2
DA:118,2
DA:126,1
DA:127,1
DA:128,1
DA:129,1
LF:64
LH:46
BRDA:20,1,0,0
BRDA:20,1,1,2
BRDA:25,2,0,0
BRDA:25,2,1,2
BRDA:40,3,0,0
BRDA:40,3,1,2
BRDA:45,4,0,0
BRDA:45,4,1,2
BRDA:51,5,0,0
BRDA:51,5,1,2
BRDA:56,6,0,0
BRDA:56,6,1,2
BRDA:72,7,0,0
BRDA:72,7,1,2
BRDA:91,8,0,0
BRDA:91,8,1,2
BRDA:96,9,0,0
BRDA:96,9,1,2
BRDA:112,10,0,0
BRDA:112,10,1,2
BRF:20
BRH:10
end_of_record
TN:
SF:/home/cynchen/2016 Spring Semester/OlinJS/CynthiaOlinJS/burgerapp_test/models/appModel.js
FNF:0
FNH:0
DA:1,1
DA:3,1
DA:5,1
DA:12,1
DA:19,1
LF:5
LH:5
BRF:0
BRH:0
end_of_record
TN:
SF:/home/cynchen/2016 Spring Semester/OlinJS/CynthiaOlinJS/burgerapp_test/routes/ingredient.js
FN:12,(anonymous_1)
FN:15,(anonymous_2)
FN:33,(anonymous_3)
FN:42,(anonymous_4)
FN:53,(anonymous_5)
FN:55,(anonymous_6)
FN:65,(anonymous_7)
FN:69,(anonymous_8)
FN:88,(anonymous_9)
FNF:9
FNH:8
FNDA:1,(anonymous_1)
FNDA:1,(anonymous_2)
FNDA:1,(anonymous_3)
FNDA:1,(anonymous_4)
FNDA:1,(anonymous_5)
FNDA:1,(anonymous_6)
FNDA:1,(anonymous_7)
FNDA:1,(anonymous_8)
FNDA:0,(anonymous_9)
DA:1,1
DA:3,1
DA:4,1
DA:6,1
DA:7,1
DA:9,1
DA:12,1
DA:13,1
DA:15,1
DA:16,1
DA:17,1
DA:18,1
DA:21,0
DA:22,0
DA:23,0
DA:26,0
DA:27,0
DA:33,1
DA:34,1
DA:36,1
DA:37,1
DA:38,1
DA:39,1
DA:40,1
DA:42,1
DA:43,1
DA:44,0
DA:45,0
DA:47,1
DA:48,1
DA:53,1
DA:54,1
DA:55,1
DA:56,1
DA:57,0
DA:58,0
DA:60,1
DA:65,1
DA:66,1
DA:67,1
DA:69,1
DA:70,1
DA:71,1
DA:72,1
DA:75,0
DA:76,0
DA:77,0
DA:81,0
DA:82,0
DA:83,0
DA:84,0
DA:88,0
DA:89,0
DA:90,0
DA:91,0
DA:94,0
DA:95,0
DA:101,1
LF:58
LH:36
BRDA:16,1,0,1
BRDA:16,1,1,0
BRDA:21,2,0,0
BRDA:21,2,1,0
BRDA:43,3,0,0
BRDA:43,3,1,1
BRDA:56,4,0,0
BRDA:56,4,1,1
BRDA:70,5,0,1
BRDA:70,5,1,0
BRDA:75,6,0,0
BRDA:75,6,1,0
BRDA:82,7,0,0
BRDA:82,7,1,0
BRDA:83,8,0,0
BRDA:83,8,1,0
BRDA:89,9,0,0
BRDA:89,9,1,0
BRF:18
BRH:4
end_of_record
TN:
SF:/home/cynchen/2016 Spring Semester/OlinJS/CynthiaOlinJS/burgerapp_test/routes/order.js
FN:14,(anonymous_1)
FN:17,(anonymous_2)
FN:35,(anonymous_3)
FN:38,(anonymous_4)
FN:52,(anonymous_5)
FN:55,(anonymous_6)
FN:56,(anonymous_7)
FN:64,(anonymous_8)
FN:80,(anonymous_9)
FN:89,(anonymous_10)
FNF:10
FNH:6
FNDA:1,(anonymous_1)
FNDA:1,(anonymous_2)
FNDA:1,(anonymous_3)
FNDA:1,(anonymous_4)
FNDA:0,(anonymous_5)
FNDA:0,(anonymous_6)
FNDA:0,(anonymous_7)
FNDA:0,(anonymous_8)
FNDA:1,(anonymous_9)
FNDA:1,(anonymous_10)
DA:1,1
DA:3,1
DA:4,1
DA:6,1
DA:7,1
DA:9,1
DA:11,1
DA:14,1
DA:15,1
DA:17,1
DA:18,1
DA:19,1
DA:20,1
DA:23,0
DA:24,0
DA:25,0
DA:28,0
DA:29,0
DA:35,1
DA:36,1
DA:38,1
DA:39,1
DA:40,1
DA:41,1
DA:44,0
DA:45,0
DA:46,0
DA:49,0
DA:50,0
DA:51,0
DA:52,0
DA:53,0
DA:56,0
DA:57,0
DA:58,0
DA:60,0
DA:61,0
DA:62,0
DA:66,0
DA:69,0
DA:71,0
DA:72,0
DA:80,1
DA:81,1
DA:83,1
DA:84,1
DA:85,1
DA:86,1
DA:87,1
DA:89,1
DA:90,1
DA:91,0
DA:92,0
DA:94,1
DA:95,1
DA:100,1
LF:56
LH:31
BRDA:18,1,0,1
BRDA:18,1,1,0
BRDA:23,2,0,0
BRDA:23,2,1,0
BRDA:39,3,0,1
BRDA:39,3,1,0
BRDA:44,4,0,0
BRDA:44,4,1,0
BRDA:66,5,0,0
BRDA:66,5,1,0
BRDA:90,6,0,0
BRDA:90,6,1,1
BRF:12
BRH:3
end_of_record
TN:
SF:/home/cynchen/2016 Spring Semester/OlinJS/CynthiaOlinJS/burgerapp_test/routes/kitchen.js
FN:14,(anonymous_1)
FN:18,(anonymous_2)
FN:30,(anonymous_3)
FNF:3
FNH:2
FNDA:1,(anonymous_1)
FNDA:1,(anonymous_2)
FNDA:0,(anonymous_3)
DA:1,1
DA:3,1
DA:4,1
DA:6,1
DA:7,1
DA:9,1
DA:11,1
DA:14,1
DA:15,1
DA:16,1
DA:18,1
DA:19,1
DA:20,1
DA:21,1
DA:24,0
DA:25,0
DA:26,0
DA:29,0
DA:30,0
DA:31,0
DA:32,0
DA:33,0
DA:36,0
DA:37,0
DA:43,1
LF:25
LH:15
BRDA:19,1,0,1
BRDA:19,1,1,0
BRDA:24,2,0,0
BRDA:24,2,1,0
BRDA:31,3,0,0
BRDA:31,3,1,0
BRF:6
BRH:1
end_of_record
